<?xml version="1.0" encoding="UTF-8"?>
<!-- Generated by org.testng.reporters.JUnitReportReporter -->
<testsuite hostname="LAPTOP-D9B72J2S" failures="0" tests="1" name="TicketBooking.BookingTests" time="3.783" errors="0" timestamp="2023-07-29T13:10:06 IST" skipped="0">
  <testcase classname="TicketBooking.BookingTests" name="createBookingTest" time="3.783"/>
</testsuite> <!-- TicketBooking.BookingTests -->
