<?xml version="1.0" encoding="UTF-8"?>
<!-- Generated by org.testng.reporters.JUnitReportReporter -->
<testsuite hostname="LAPTOP-D9B72J2S" failures="0" tests="2" name="TicketBooking.BookingTests" time="4.843" errors="0" timestamp="2023-08-07T08:36:00 IST" skipped="1">
  <testcase classname="TicketBooking.BookingTests" name="createBookingAndReceiveResponse" time="4.843"/>
  <testcase classname="TicketBooking.BookingTests" name="createBookingTest">
    <skipped/>
  </testcase> <!-- createBookingTest -->
</testsuite> <!-- TicketBooking.BookingTests -->
